[06-Jan-2025 05:48:43 UTC] PHP Parse error:  syntax error, unexpected end of file in C:\xampp\htdocs\everta\wp-content\themes\everta\product-details.php on line 513
[06-Jan-2025 05:48:46 UTC] PHP Parse error:  syntax error, unexpected end of file in C:\xampp\htdocs\everta\wp-content\themes\everta\product-details.php on line 513
[06-Jan-2025 05:48:53 UTC] PHP Parse error:  syntax error, unexpected end of file in C:\xampp\htdocs\everta\wp-content\themes\everta\product-details.php on line 513
[06-Jan-2025 05:49:42 UTC] PHP Parse error:  syntax error, unexpected end of file in C:\xampp\htdocs\everta\wp-content\themes\everta\product-details.php on line 513
[06-Jan-2025 05:49:50 UTC] PHP Parse error:  syntax error, unexpected end of file in C:\xampp\htdocs\everta\wp-content\themes\everta\product-details.php on line 476
[06-Jan-2025 05:50:52 UTC] PHP Parse error:  syntax error, unexpected end of file in C:\xampp\htdocs\everta\wp-content\themes\everta\product-details.php on line 513
[06-Jan-2025 05:54:07 UTC] PHP Parse error:  syntax error, unexpected end of file in C:\xampp\htdocs\everta\wp-content\themes\everta\product-details.php on line 513
[06-Jan-2025 08:11:09 UTC] PHP Warning:  wp_version_check(): An unexpected error occurred. Something may be wrong with WordPress.org or this server&#8217;s configuration. If you continue to have problems, please try the <a href="https://wordpress.org/support/forums/">support forums</a>. (WordPress could not establish a secure connection to WordPress.org. Please contact your server administrator.) in C:\xampp\htdocs\everta\wp-includes\functions.php on line 6114
[06-Jan-2025 10:20:06 UTC] PHP Parse error:  syntax error, unexpected single-quoted string "); ?></p>
", expecting ")" in C:\xampp\htdocs\everta\wp-content\themes\everta\about-us.php on line 13
[06-Jan-2025 12:22:45 UTC] PHP Parse error:  syntax error, unexpected end of file in C:\xampp\htdocs\everta\wp-content\themes\everta\about-us.php on line 7472
[07-Jan-2025 05:12:52 UTC] Automatic updates starting...
[07-Jan-2025 05:12:54 UTC]   Automatic theme updates starting...
[07-Jan-2025 05:12:54 UTC]   Automatic theme updates complete.
[07-Jan-2025 05:12:54 UTC] Automatic updates complete.
[07-Jan-2025 08:06:23 UTC] Automatic updates starting...
[07-Jan-2025 08:06:26 UTC]   Automatic theme updates starting...
[07-Jan-2025 08:06:26 UTC]   Automatic theme updates complete.
[07-Jan-2025 08:06:26 UTC] Automatic updates complete.
[07-Jan-2025 09:02:40 UTC] PHP Fatal error:  Uncaught TypeError: ltrim(): Argument #1 ($string) must be of type string, array given in C:\xampp\htdocs\everta\wp-includes\formatting.php:4467
Stack trace:
#0 C:\xampp\htdocs\everta\wp-includes\formatting.php(4467): ltrim(Array)
#1 C:\xampp\htdocs\everta\wp-content\themes\everta\blogs.php(19): esc_url(Array)
#2 C:\xampp\htdocs\everta\wp-includes\template-loader.php(106): include('C:\\xampp\\htdocs...')
#3 C:\xampp\htdocs\everta\wp-blog-header.php(19): require_once('C:\\xampp\\htdocs...')
#4 C:\xampp\htdocs\everta\index.php(17): require('C:\\xampp\\htdocs...')
#5 {main}
  thrown in C:\xampp\htdocs\everta\wp-includes\formatting.php on line 4467
[07-Jan-2025 09:02:44 UTC] PHP Fatal error:  Uncaught TypeError: ltrim(): Argument #1 ($string) must be of type string, array given in C:\xampp\htdocs\everta\wp-includes\formatting.php:4467
Stack trace:
#0 C:\xampp\htdocs\everta\wp-includes\formatting.php(4467): ltrim(Array)
#1 C:\xampp\htdocs\everta\wp-content\themes\everta\blogs.php(19): esc_url(Array)
#2 C:\xampp\htdocs\everta\wp-includes\template-loader.php(106): include('C:\\xampp\\htdocs...')
#3 C:\xampp\htdocs\everta\wp-blog-header.php(19): require_once('C:\\xampp\\htdocs...')
#4 C:\xampp\htdocs\everta\index.php(17): require('C:\\xampp\\htdocs...')
#5 {main}
  thrown in C:\xampp\htdocs\everta\wp-includes\formatting.php on line 4467
[07-Jan-2025 09:04:43 UTC] PHP Fatal error:  Uncaught TypeError: ltrim(): Argument #1 ($string) must be of type string, array given in C:\xampp\htdocs\everta\wp-includes\formatting.php:4467
Stack trace:
#0 C:\xampp\htdocs\everta\wp-includes\formatting.php(4467): ltrim(Array)
#1 C:\xampp\htdocs\everta\wp-content\themes\everta\news.php(18): esc_url(Array)
#2 C:\xampp\htdocs\everta\wp-includes\template-loader.php(106): include('C:\\xampp\\htdocs...')
#3 C:\xampp\htdocs\everta\wp-blog-header.php(19): require_once('C:\\xampp\\htdocs...')
#4 C:\xampp\htdocs\everta\index.php(17): require('C:\\xampp\\htdocs...')
#5 {main}
  thrown in C:\xampp\htdocs\everta\wp-includes\formatting.php on line 4467
[07-Jan-2025 09:09:05 UTC] PHP Fatal error:  Uncaught TypeError: ltrim(): Argument #1 ($string) must be of type string, array given in C:\xampp\htdocs\everta\wp-includes\formatting.php:4467
Stack trace:
#0 C:\xampp\htdocs\everta\wp-includes\formatting.php(4467): ltrim(Array)
#1 C:\xampp\htdocs\everta\wp-content\themes\everta\news.php(18): esc_url(Array)
#2 C:\xampp\htdocs\everta\wp-includes\template-loader.php(106): include('C:\\xampp\\htdocs...')
#3 C:\xampp\htdocs\everta\wp-blog-header.php(19): require_once('C:\\xampp\\htdocs...')
#4 C:\xampp\htdocs\everta\index.php(17): require('C:\\xampp\\htdocs...')
#5 {main}
  thrown in C:\xampp\htdocs\everta\wp-includes\formatting.php on line 4467
[07-Jan-2025 09:09:37 UTC] PHP Fatal error:  Uncaught TypeError: ltrim(): Argument #1 ($string) must be of type string, array given in C:\xampp\htdocs\everta\wp-includes\formatting.php:4467
Stack trace:
#0 C:\xampp\htdocs\everta\wp-includes\formatting.php(4467): ltrim(Array)
#1 C:\xampp\htdocs\everta\wp-content\themes\everta\news.php(18): esc_url(Array)
#2 C:\xampp\htdocs\everta\wp-includes\template-loader.php(106): include('C:\\xampp\\htdocs...')
#3 C:\xampp\htdocs\everta\wp-blog-header.php(19): require_once('C:\\xampp\\htdocs...')
#4 C:\xampp\htdocs\everta\index.php(17): require('C:\\xampp\\htdocs...')
#5 {main}
  thrown in C:\xampp\htdocs\everta\wp-includes\formatting.php on line 4467
[07-Jan-2025 09:10:21 UTC] PHP Fatal error:  Uncaught TypeError: ltrim(): Argument #1 ($string) must be of type string, array given in C:\xampp\htdocs\everta\wp-includes\formatting.php:4467
Stack trace:
#0 C:\xampp\htdocs\everta\wp-includes\formatting.php(4467): ltrim(Array)
#1 C:\xampp\htdocs\everta\wp-content\themes\everta\news.php(18): esc_url(Array)
#2 C:\xampp\htdocs\everta\wp-includes\template-loader.php(106): include('C:\\xampp\\htdocs...')
#3 C:\xampp\htdocs\everta\wp-blog-header.php(19): require_once('C:\\xampp\\htdocs...')
#4 C:\xampp\htdocs\everta\index.php(17): require('C:\\xampp\\htdocs...')
#5 {main}
  thrown in C:\xampp\htdocs\everta\wp-includes\formatting.php on line 4467
[07-Jan-2025 09:13:00 UTC] PHP Fatal error:  Uncaught TypeError: ltrim(): Argument #1 ($string) must be of type string, array given in C:\xampp\htdocs\everta\wp-includes\formatting.php:4467
Stack trace:
#0 C:\xampp\htdocs\everta\wp-includes\formatting.php(4467): ltrim(Array)
#1 C:\xampp\htdocs\everta\wp-content\themes\everta\news.php(22): esc_url(Array)
#2 C:\xampp\htdocs\everta\wp-includes\template-loader.php(106): include('C:\\xampp\\htdocs...')
#3 C:\xampp\htdocs\everta\wp-blog-header.php(19): require_once('C:\\xampp\\htdocs...')
#4 C:\xampp\htdocs\everta\index.php(17): require('C:\\xampp\\htdocs...')
#5 {main}
  thrown in C:\xampp\htdocs\everta\wp-includes\formatting.php on line 4467
[07-Jan-2025 09:15:16 UTC] PHP Fatal error:  Uncaught TypeError: ltrim(): Argument #1 ($string) must be of type string, array given in C:\xampp\htdocs\everta\wp-includes\formatting.php:4467
Stack trace:
#0 C:\xampp\htdocs\everta\wp-includes\formatting.php(4467): ltrim(Array)
#1 C:\xampp\htdocs\everta\wp-content\themes\everta\news.php(22): esc_url(Array)
#2 C:\xampp\htdocs\everta\wp-includes\template-loader.php(106): include('C:\\xampp\\htdocs...')
#3 C:\xampp\htdocs\everta\wp-blog-header.php(19): require_once('C:\\xampp\\htdocs...')
#4 C:\xampp\htdocs\everta\index.php(17): require('C:\\xampp\\htdocs...')
#5 {main}
  thrown in C:\xampp\htdocs\everta\wp-includes\formatting.php on line 4467
[07-Jan-2025 09:15:40 UTC] PHP Fatal error:  Uncaught TypeError: ltrim(): Argument #1 ($string) must be of type string, array given in C:\xampp\htdocs\everta\wp-includes\formatting.php:4467
Stack trace:
#0 C:\xampp\htdocs\everta\wp-includes\formatting.php(4467): ltrim(Array)
#1 C:\xampp\htdocs\everta\wp-content\themes\everta\blogs.php(19): esc_url(Array)
#2 C:\xampp\htdocs\everta\wp-includes\template-loader.php(106): include('C:\\xampp\\htdocs...')
#3 C:\xampp\htdocs\everta\wp-blog-header.php(19): require_once('C:\\xampp\\htdocs...')
#4 C:\xampp\htdocs\everta\index.php(17): require('C:\\xampp\\htdocs...')
#5 {main}
  thrown in C:\xampp\htdocs\everta\wp-includes\formatting.php on line 4467
[07-Jan-2025 09:18:19 UTC] PHP Fatal error:  Uncaught TypeError: ltrim(): Argument #1 ($string) must be of type string, array given in C:\xampp\htdocs\everta\wp-includes\formatting.php:4467
Stack trace:
#0 C:\xampp\htdocs\everta\wp-includes\formatting.php(4467): ltrim(Array)
#1 C:\xampp\htdocs\everta\wp-content\themes\everta\news.php(22): esc_url(Array)
#2 C:\xampp\htdocs\everta\wp-includes\template-loader.php(106): include('C:\\xampp\\htdocs...')
#3 C:\xampp\htdocs\everta\wp-blog-header.php(19): require_once('C:\\xampp\\htdocs...')
#4 C:\xampp\htdocs\everta\index.php(17): require('C:\\xampp\\htdocs...')
#5 {main}
  thrown in C:\xampp\htdocs\everta\wp-includes\formatting.php on line 4467
[07-Jan-2025 09:20:55 UTC] PHP Fatal error:  Uncaught TypeError: ltrim(): Argument #1 ($string) must be of type string, array given in C:\xampp\htdocs\everta\wp-includes\formatting.php:4467
Stack trace:
#0 C:\xampp\htdocs\everta\wp-includes\formatting.php(4467): ltrim(Array)
#1 C:\xampp\htdocs\everta\wp-content\themes\everta\news.php(22): esc_url(Array)
#2 C:\xampp\htdocs\everta\wp-includes\template-loader.php(106): include('C:\\xampp\\htdocs...')
#3 C:\xampp\htdocs\everta\wp-blog-header.php(19): require_once('C:\\xampp\\htdocs...')
#4 C:\xampp\htdocs\everta\index.php(17): require('C:\\xampp\\htdocs...')
#5 {main}
  thrown in C:\xampp\htdocs\everta\wp-includes\formatting.php on line 4467
[07-Jan-2025 09:22:58 UTC] PHP Fatal error:  Uncaught TypeError: ltrim(): Argument #1 ($string) must be of type string, array given in C:\xampp\htdocs\everta\wp-includes\formatting.php:4467
Stack trace:
#0 C:\xampp\htdocs\everta\wp-includes\formatting.php(4467): ltrim(Array)
#1 C:\xampp\htdocs\everta\wp-content\themes\everta\news.php(22): esc_url(Array)
#2 C:\xampp\htdocs\everta\wp-includes\template-loader.php(106): include('C:\\xampp\\htdocs...')
#3 C:\xampp\htdocs\everta\wp-blog-header.php(19): require_once('C:\\xampp\\htdocs...')
#4 C:\xampp\htdocs\everta\index.php(17): require('C:\\xampp\\htdocs...')
#5 {main}
  thrown in C:\xampp\htdocs\everta\wp-includes\formatting.php on line 4467
[07-Jan-2025 09:24:51 UTC] PHP Fatal error:  Uncaught TypeError: ltrim(): Argument #1 ($string) must be of type string, array given in C:\xampp\htdocs\everta\wp-includes\formatting.php:4467
Stack trace:
#0 C:\xampp\htdocs\everta\wp-includes\formatting.php(4467): ltrim(Array)
#1 C:\xampp\htdocs\everta\wp-content\themes\everta\manual&brochure.php(18): esc_url(Array)
#2 C:\xampp\htdocs\everta\wp-includes\template-loader.php(106): include('C:\\xampp\\htdocs...')
#3 C:\xampp\htdocs\everta\wp-blog-header.php(19): require_once('C:\\xampp\\htdocs...')
#4 C:\xampp\htdocs\everta\index.php(17): require('C:\\xampp\\htdocs...')
#5 {main}
  thrown in C:\xampp\htdocs\everta\wp-includes\formatting.php on line 4467
[07-Jan-2025 09:25:25 UTC] PHP Fatal error:  Uncaught TypeError: ltrim(): Argument #1 ($string) must be of type string, array given in C:\xampp\htdocs\everta\wp-includes\formatting.php:4467
Stack trace:
#0 C:\xampp\htdocs\everta\wp-includes\formatting.php(4467): ltrim(Array)
#1 C:\xampp\htdocs\everta\wp-content\themes\everta\manual&brochure.php(18): esc_url(Array)
#2 C:\xampp\htdocs\everta\wp-includes\template-loader.php(106): include('C:\\xampp\\htdocs...')
#3 C:\xampp\htdocs\everta\wp-blog-header.php(19): require_once('C:\\xampp\\htdocs...')
#4 C:\xampp\htdocs\everta\index.php(17): require('C:\\xampp\\htdocs...')
#5 {main}
  thrown in C:\xampp\htdocs\everta\wp-includes\formatting.php on line 4467
[07-Jan-2025 09:31:35 UTC] PHP Fatal error:  Uncaught TypeError: ltrim(): Argument #1 ($string) must be of type string, array given in C:\xampp\htdocs\everta\wp-includes\formatting.php:4467
Stack trace:
#0 C:\xampp\htdocs\everta\wp-includes\formatting.php(4467): ltrim(Array)
#1 C:\xampp\htdocs\everta\wp-content\themes\everta\manual&brochure.php(18): esc_url(Array)
#2 C:\xampp\htdocs\everta\wp-includes\template-loader.php(106): include('C:\\xampp\\htdocs...')
#3 C:\xampp\htdocs\everta\wp-blog-header.php(19): require_once('C:\\xampp\\htdocs...')
#4 C:\xampp\htdocs\everta\index.php(17): require('C:\\xampp\\htdocs...')
#5 {main}
  thrown in C:\xampp\htdocs\everta\wp-includes\formatting.php on line 4467
[07-Jan-2025 09:33:03 UTC] PHP Fatal error:  Uncaught TypeError: ltrim(): Argument #1 ($string) must be of type string, array given in C:\xampp\htdocs\everta\wp-includes\formatting.php:4467
Stack trace:
#0 C:\xampp\htdocs\everta\wp-includes\formatting.php(4467): ltrim(Array)
#1 C:\xampp\htdocs\everta\wp-content\themes\everta\manual&brochure.php(18): esc_url(Array)
#2 C:\xampp\htdocs\everta\wp-includes\template-loader.php(106): include('C:\\xampp\\htdocs...')
#3 C:\xampp\htdocs\everta\wp-blog-header.php(19): require_once('C:\\xampp\\htdocs...')
#4 C:\xampp\htdocs\everta\index.php(17): require('C:\\xampp\\htdocs...')
#5 {main}
  thrown in C:\xampp\htdocs\everta\wp-includes\formatting.php on line 4467
[07-Jan-2025 09:35:12 UTC] PHP Fatal error:  Uncaught TypeError: ltrim(): Argument #1 ($string) must be of type string, array given in C:\xampp\htdocs\everta\wp-includes\formatting.php:4467
Stack trace:
#0 C:\xampp\htdocs\everta\wp-includes\formatting.php(4467): ltrim(Array)
#1 C:\xampp\htdocs\everta\wp-content\themes\everta\manual&brochure.php(18): esc_url(Array)
#2 C:\xampp\htdocs\everta\wp-includes\template-loader.php(106): include('C:\\xampp\\htdocs...')
#3 C:\xampp\htdocs\everta\wp-blog-header.php(19): require_once('C:\\xampp\\htdocs...')
#4 C:\xampp\htdocs\everta\index.php(17): require('C:\\xampp\\htdocs...')
#5 {main}
  thrown in C:\xampp\htdocs\everta\wp-includes\formatting.php on line 4467
[07-Jan-2025 09:35:39 UTC] PHP Fatal error:  Uncaught TypeError: ltrim(): Argument #1 ($string) must be of type string, array given in C:\xampp\htdocs\everta\wp-includes\formatting.php:4467
Stack trace:
#0 C:\xampp\htdocs\everta\wp-includes\formatting.php(4467): ltrim(Array)
#1 C:\xampp\htdocs\everta\wp-content\themes\everta\manual&brochure.php(18): esc_url(Array)
#2 C:\xampp\htdocs\everta\wp-includes\template-loader.php(106): include('C:\\xampp\\htdocs...')
#3 C:\xampp\htdocs\everta\wp-blog-header.php(19): require_once('C:\\xampp\\htdocs...')
#4 C:\xampp\htdocs\everta\index.php(17): require('C:\\xampp\\htdocs...')
#5 {main}
  thrown in C:\xampp\htdocs\everta\wp-includes\formatting.php on line 4467
[07-Jan-2025 09:36:31 UTC] PHP Fatal error:  Uncaught TypeError: ltrim(): Argument #1 ($string) must be of type string, array given in C:\xampp\htdocs\everta\wp-includes\formatting.php:4467
Stack trace:
#0 C:\xampp\htdocs\everta\wp-includes\formatting.php(4467): ltrim(Array)
#1 C:\xampp\htdocs\everta\wp-content\themes\everta\manual&brochure.php(16): esc_url(Array)
#2 C:\xampp\htdocs\everta\wp-includes\template-loader.php(106): include('C:\\xampp\\htdocs...')
#3 C:\xampp\htdocs\everta\wp-blog-header.php(19): require_once('C:\\xampp\\htdocs...')
#4 C:\xampp\htdocs\everta\index.php(17): require('C:\\xampp\\htdocs...')
#5 {main}
  thrown in C:\xampp\htdocs\everta\wp-includes\formatting.php on line 4467
[07-Jan-2025 09:55:50 UTC] PHP Fatal error:  Uncaught TypeError: ltrim(): Argument #1 ($string) must be of type string, array given in C:\xampp\htdocs\everta\wp-includes\formatting.php:4467
Stack trace:
#0 C:\xampp\htdocs\everta\wp-includes\formatting.php(4467): ltrim(Array)
#1 C:\xampp\htdocs\everta\wp-content\themes\everta\news.php(18): esc_url(Array)
#2 C:\xampp\htdocs\everta\wp-includes\template-loader.php(106): include('C:\\xampp\\htdocs...')
#3 C:\xampp\htdocs\everta\wp-blog-header.php(19): require_once('C:\\xampp\\htdocs...')
#4 C:\xampp\htdocs\everta\index.php(17): require('C:\\xampp\\htdocs...')
#5 {main}
  thrown in C:\xampp\htdocs\everta\wp-includes\formatting.php on line 4467
[07-Jan-2025 09:55:54 UTC] PHP Fatal error:  Uncaught TypeError: ltrim(): Argument #1 ($string) must be of type string, array given in C:\xampp\htdocs\everta\wp-includes\formatting.php:4467
Stack trace:
#0 C:\xampp\htdocs\everta\wp-includes\formatting.php(4467): ltrim(Array)
#1 C:\xampp\htdocs\everta\wp-content\themes\everta\blogs.php(19): esc_url(Array)
#2 C:\xampp\htdocs\everta\wp-includes\template-loader.php(106): include('C:\\xampp\\htdocs...')
#3 C:\xampp\htdocs\everta\wp-blog-header.php(19): require_once('C:\\xampp\\htdocs...')
#4 C:\xampp\htdocs\everta\index.php(17): require('C:\\xampp\\htdocs...')
#5 {main}
  thrown in C:\xampp\htdocs\everta\wp-includes\formatting.php on line 4467
[07-Jan-2025 09:56:30 UTC] PHP Fatal error:  Uncaught TypeError: ltrim(): Argument #1 ($string) must be of type string, array given in C:\xampp\htdocs\everta\wp-includes\formatting.php:4467
Stack trace:
#0 C:\xampp\htdocs\everta\wp-includes\formatting.php(4467): ltrim(Array)
#1 C:\xampp\htdocs\everta\wp-content\themes\everta\manual&brochure.php(18): esc_url(Array)
#2 C:\xampp\htdocs\everta\wp-includes\template-loader.php(106): include('C:\\xampp\\htdocs...')
#3 C:\xampp\htdocs\everta\wp-blog-header.php(19): require_once('C:\\xampp\\htdocs...')
#4 C:\xampp\htdocs\everta\index.php(17): require('C:\\xampp\\htdocs...')
#5 {main}
  thrown in C:\xampp\htdocs\everta\wp-includes\formatting.php on line 4467
[07-Jan-2025 09:56:53 UTC] PHP Fatal error:  Uncaught TypeError: ltrim(): Argument #1 ($string) must be of type string, array given in C:\xampp\htdocs\everta\wp-includes\formatting.php:4467
Stack trace:
#0 C:\xampp\htdocs\everta\wp-includes\formatting.php(4467): ltrim(Array)
#1 C:\xampp\htdocs\everta\wp-content\themes\everta\news.php(18): esc_url(Array)
#2 C:\xampp\htdocs\everta\wp-includes\template-loader.php(106): include('C:\\xampp\\htdocs...')
#3 C:\xampp\htdocs\everta\wp-blog-header.php(19): require_once('C:\\xampp\\htdocs...')
#4 C:\xampp\htdocs\everta\index.php(17): require('C:\\xampp\\htdocs...')
#5 {main}
  thrown in C:\xampp\htdocs\everta\wp-includes\formatting.php on line 4467
[07-Jan-2025 09:57:51 UTC] PHP Fatal error:  Uncaught TypeError: ltrim(): Argument #1 ($string) must be of type string, array given in C:\xampp\htdocs\everta\wp-includes\formatting.php:4467
Stack trace:
#0 C:\xampp\htdocs\everta\wp-includes\formatting.php(4467): ltrim(Array)
#1 C:\xampp\htdocs\everta\wp-content\themes\everta\news.php(18): esc_url(Array)
#2 C:\xampp\htdocs\everta\wp-includes\template-loader.php(106): include('C:\\xampp\\htdocs...')
#3 C:\xampp\htdocs\everta\wp-blog-header.php(19): require_once('C:\\xampp\\htdocs...')
#4 C:\xampp\htdocs\everta\index.php(17): require('C:\\xampp\\htdocs...')
#5 {main}
  thrown in C:\xampp\htdocs\everta\wp-includes\formatting.php on line 4467
[07-Jan-2025 09:58:07 UTC] PHP Fatal error:  Uncaught TypeError: ltrim(): Argument #1 ($string) must be of type string, array given in C:\xampp\htdocs\everta\wp-includes\formatting.php:4467
Stack trace:
#0 C:\xampp\htdocs\everta\wp-includes\formatting.php(4467): ltrim(Array)
#1 C:\xampp\htdocs\everta\wp-content\themes\everta\blogs.php(19): esc_url(Array)
#2 C:\xampp\htdocs\everta\wp-includes\template-loader.php(106): include('C:\\xampp\\htdocs...')
#3 C:\xampp\htdocs\everta\wp-blog-header.php(19): require_once('C:\\xampp\\htdocs...')
#4 C:\xampp\htdocs\everta\index.php(17): require('C:\\xampp\\htdocs...')
#5 {main}
  thrown in C:\xampp\htdocs\everta\wp-includes\formatting.php on line 4467
[07-Jan-2025 09:58:16 UTC] PHP Fatal error:  Uncaught TypeError: ltrim(): Argument #1 ($string) must be of type string, array given in C:\xampp\htdocs\everta\wp-includes\formatting.php:4467
Stack trace:
#0 C:\xampp\htdocs\everta\wp-includes\formatting.php(4467): ltrim(Array)
#1 C:\xampp\htdocs\everta\wp-content\themes\everta\blogs.php(19): esc_url(Array)
#2 C:\xampp\htdocs\everta\wp-includes\template-loader.php(106): include('C:\\xampp\\htdocs...')
#3 C:\xampp\htdocs\everta\wp-blog-header.php(19): require_once('C:\\xampp\\htdocs...')
#4 C:\xampp\htdocs\everta\index.php(17): require('C:\\xampp\\htdocs...')
#5 {main}
  thrown in C:\xampp\htdocs\everta\wp-includes\formatting.php on line 4467
[07-Jan-2025 09:58:19 UTC] PHP Fatal error:  Uncaught TypeError: ltrim(): Argument #1 ($string) must be of type string, array given in C:\xampp\htdocs\everta\wp-includes\formatting.php:4467
Stack trace:
#0 C:\xampp\htdocs\everta\wp-includes\formatting.php(4467): ltrim(Array)
#1 C:\xampp\htdocs\everta\wp-content\themes\everta\news.php(18): esc_url(Array)
#2 C:\xampp\htdocs\everta\wp-includes\template-loader.php(106): include('C:\\xampp\\htdocs...')
#3 C:\xampp\htdocs\everta\wp-blog-header.php(19): require_once('C:\\xampp\\htdocs...')
#4 C:\xampp\htdocs\everta\index.php(17): require('C:\\xampp\\htdocs...')
#5 {main}
  thrown in C:\xampp\htdocs\everta\wp-includes\formatting.php on line 4467
[07-Jan-2025 09:58:25 UTC] PHP Fatal error:  Uncaught TypeError: ltrim(): Argument #1 ($string) must be of type string, array given in C:\xampp\htdocs\everta\wp-includes\formatting.php:4467
Stack trace:
#0 C:\xampp\htdocs\everta\wp-includes\formatting.php(4467): ltrim(Array)
#1 C:\xampp\htdocs\everta\wp-content\themes\everta\manual&brochure.php(18): esc_url(Array)
#2 C:\xampp\htdocs\everta\wp-includes\template-loader.php(106): include('C:\\xampp\\htdocs...')
#3 C:\xampp\htdocs\everta\wp-blog-header.php(19): require_once('C:\\xampp\\htdocs...')
#4 C:\xampp\htdocs\everta\index.php(17): require('C:\\xampp\\htdocs...')
#5 {main}
  thrown in C:\xampp\htdocs\everta\wp-includes\formatting.php on line 4467
[07-Jan-2025 09:58:42 UTC] PHP Fatal error:  Uncaught TypeError: ltrim(): Argument #1 ($string) must be of type string, array given in C:\xampp\htdocs\everta\wp-includes\formatting.php:4467
Stack trace:
#0 C:\xampp\htdocs\everta\wp-includes\formatting.php(4467): ltrim(Array)
#1 C:\xampp\htdocs\everta\wp-content\themes\everta\manual&brochure.php(18): esc_url(Array)
#2 C:\xampp\htdocs\everta\wp-includes\template-loader.php(106): include('C:\\xampp\\htdocs...')
#3 C:\xampp\htdocs\everta\wp-blog-header.php(19): require_once('C:\\xampp\\htdocs...')
#4 C:\xampp\htdocs\everta\index.php(17): require('C:\\xampp\\htdocs...')
#5 {main}
  thrown in C:\xampp\htdocs\everta\wp-includes\formatting.php on line 4467
[07-Jan-2025 09:58:47 UTC] PHP Fatal error:  Uncaught TypeError: ltrim(): Argument #1 ($string) must be of type string, array given in C:\xampp\htdocs\everta\wp-includes\formatting.php:4467
Stack trace:
#0 C:\xampp\htdocs\everta\wp-includes\formatting.php(4467): ltrim(Array)
#1 C:\xampp\htdocs\everta\wp-content\themes\everta\news.php(18): esc_url(Array)
#2 C:\xampp\htdocs\everta\wp-includes\template-loader.php(106): include('C:\\xampp\\htdocs...')
#3 C:\xampp\htdocs\everta\wp-blog-header.php(19): require_once('C:\\xampp\\htdocs...')
#4 C:\xampp\htdocs\everta\index.php(17): require('C:\\xampp\\htdocs...')
#5 {main}
  thrown in C:\xampp\htdocs\everta\wp-includes\formatting.php on line 4467
[07-Jan-2025 09:58:53 UTC] PHP Fatal error:  Uncaught TypeError: ltrim(): Argument #1 ($string) must be of type string, array given in C:\xampp\htdocs\everta\wp-includes\formatting.php:4467
Stack trace:
#0 C:\xampp\htdocs\everta\wp-includes\formatting.php(4467): ltrim(Array)
#1 C:\xampp\htdocs\everta\wp-content\themes\everta\blogs.php(19): esc_url(Array)
#2 C:\xampp\htdocs\everta\wp-includes\template-loader.php(106): include('C:\\xampp\\htdocs...')
#3 C:\xampp\htdocs\everta\wp-blog-header.php(19): require_once('C:\\xampp\\htdocs...')
#4 C:\xampp\htdocs\everta\index.php(17): require('C:\\xampp\\htdocs...')
#5 {main}
  thrown in C:\xampp\htdocs\everta\wp-includes\formatting.php on line 4467
[07-Jan-2025 10:00:06 UTC] PHP Fatal error:  Uncaught TypeError: ltrim(): Argument #1 ($string) must be of type string, array given in C:\xampp\htdocs\everta\wp-includes\formatting.php:4467
Stack trace:
#0 C:\xampp\htdocs\everta\wp-includes\formatting.php(4467): ltrim(Array)
#1 C:\xampp\htdocs\everta\wp-content\themes\everta\manual&brochure.php(18): esc_url(Array)
#2 C:\xampp\htdocs\everta\wp-includes\template-loader.php(106): include('C:\\xampp\\htdocs...')
#3 C:\xampp\htdocs\everta\wp-blog-header.php(19): require_once('C:\\xampp\\htdocs...')
#4 C:\xampp\htdocs\everta\index.php(17): require('C:\\xampp\\htdocs...')
#5 {main}
  thrown in C:\xampp\htdocs\everta\wp-includes\formatting.php on line 4467
[07-Jan-2025 10:00:14 UTC] PHP Fatal error:  Uncaught TypeError: ltrim(): Argument #1 ($string) must be of type string, array given in C:\xampp\htdocs\everta\wp-includes\formatting.php:4467
Stack trace:
#0 C:\xampp\htdocs\everta\wp-includes\formatting.php(4467): ltrim(Array)
#1 C:\xampp\htdocs\everta\wp-content\themes\everta\manual&brochure.php(18): esc_url(Array)
#2 C:\xampp\htdocs\everta\wp-includes\template-loader.php(106): include('C:\\xampp\\htdocs...')
#3 C:\xampp\htdocs\everta\wp-blog-header.php(19): require_once('C:\\xampp\\htdocs...')
#4 C:\xampp\htdocs\everta\index.php(17): require('C:\\xampp\\htdocs...')
#5 {main}
  thrown in C:\xampp\htdocs\everta\wp-includes\formatting.php on line 4467
[07-Jan-2025 10:15:31 UTC] PHP Fatal error:  Uncaught TypeError: ltrim(): Argument #1 ($string) must be of type string, array given in C:\xampp\htdocs\everta\wp-includes\formatting.php:4467
Stack trace:
#0 C:\xampp\htdocs\everta\wp-includes\formatting.php(4467): ltrim(Array)
#1 C:\xampp\htdocs\everta\wp-content\themes\everta\faq.php(18): esc_url(Array)
#2 C:\xampp\htdocs\everta\wp-includes\template-loader.php(106): include('C:\\xampp\\htdocs...')
#3 C:\xampp\htdocs\everta\wp-blog-header.php(19): require_once('C:\\xampp\\htdocs...')
#4 C:\xampp\htdocs\everta\index.php(17): require('C:\\xampp\\htdocs...')
#5 {main}
  thrown in C:\xampp\htdocs\everta\wp-includes\formatting.php on line 4467
[07-Jan-2025 10:18:10 UTC] PHP Warning:  Array to string conversion in C:\xampp\htdocs\everta\wp-content\themes\everta\faq.php on line 18
[07-Jan-2025 10:18:10 UTC] PHP Warning:  Array to string conversion in C:\xampp\htdocs\everta\wp-content\themes\everta\faq.php on line 18
[07-Jan-2025 10:18:10 UTC] PHP Warning:  Array to string conversion in C:\xampp\htdocs\everta\wp-content\themes\everta\faq.php on line 18
[07-Jan-2025 10:18:10 UTC] PHP Warning:  Array to string conversion in C:\xampp\htdocs\everta\wp-content\themes\everta\faq.php on line 18
[07-Jan-2025 10:19:22 UTC] PHP Fatal error:  Uncaught TypeError: ltrim(): Argument #1 ($string) must be of type string, array given in C:\xampp\htdocs\everta\wp-includes\formatting.php:4467
Stack trace:
#0 C:\xampp\htdocs\everta\wp-includes\formatting.php(4467): ltrim(Array)
#1 C:\xampp\htdocs\everta\wp-content\themes\everta\faq.php(18): esc_url(Array)
#2 C:\xampp\htdocs\everta\wp-includes\template-loader.php(106): include('C:\\xampp\\htdocs...')
#3 C:\xampp\htdocs\everta\wp-blog-header.php(19): require_once('C:\\xampp\\htdocs...')
#4 C:\xampp\htdocs\everta\index.php(17): require('C:\\xampp\\htdocs...')
#5 {main}
  thrown in C:\xampp\htdocs\everta\wp-includes\formatting.php on line 4467
[07-Jan-2025 10:19:37 UTC] PHP Warning:  Array to string conversion in C:\xampp\htdocs\everta\wp-content\themes\everta\faq.php on line 18
[07-Jan-2025 10:19:37 UTC] PHP Warning:  Array to string conversion in C:\xampp\htdocs\everta\wp-content\themes\everta\faq.php on line 18
[07-Jan-2025 10:19:38 UTC] PHP Warning:  Array to string conversion in C:\xampp\htdocs\everta\wp-content\themes\everta\faq.php on line 18
[07-Jan-2025 10:19:38 UTC] PHP Warning:  Array to string conversion in C:\xampp\htdocs\everta\wp-content\themes\everta\faq.php on line 18
[07-Jan-2025 10:21:55 UTC] PHP Warning:  Array to string conversion in C:\xampp\htdocs\everta\wp-content\themes\everta\faq.php on line 18
[07-Jan-2025 10:21:55 UTC] PHP Warning:  Array to string conversion in C:\xampp\htdocs\everta\wp-content\themes\everta\faq.php on line 18
[07-Jan-2025 10:21:55 UTC] PHP Warning:  Array to string conversion in C:\xampp\htdocs\everta\wp-content\themes\everta\faq.php on line 18
[07-Jan-2025 10:21:55 UTC] PHP Warning:  Array to string conversion in C:\xampp\htdocs\everta\wp-content\themes\everta\faq.php on line 18
[07-Jan-2025 10:22:44 UTC] PHP Warning:  Array to string conversion in C:\xampp\htdocs\everta\wp-content\themes\everta\faq.php on line 16
[07-Jan-2025 10:22:44 UTC] PHP Warning:  Array to string conversion in C:\xampp\htdocs\everta\wp-content\themes\everta\faq.php on line 16
[07-Jan-2025 10:22:44 UTC] PHP Warning:  Array to string conversion in C:\xampp\htdocs\everta\wp-content\themes\everta\faq.php on line 16
[07-Jan-2025 10:22:44 UTC] PHP Warning:  Array to string conversion in C:\xampp\htdocs\everta\wp-content\themes\everta\faq.php on line 16
[07-Jan-2025 10:23:31 UTC] PHP Fatal error:  Uncaught TypeError: ltrim(): Argument #1 ($string) must be of type string, array given in C:\xampp\htdocs\everta\wp-includes\formatting.php:4467
Stack trace:
#0 C:\xampp\htdocs\everta\wp-includes\formatting.php(4467): ltrim(Array)
#1 C:\xampp\htdocs\everta\wp-content\themes\everta\manual&brochure.php(18): esc_url(Array)
#2 C:\xampp\htdocs\everta\wp-includes\template-loader.php(106): include('C:\\xampp\\htdocs...')
#3 C:\xampp\htdocs\everta\wp-blog-header.php(19): require_once('C:\\xampp\\htdocs...')
#4 C:\xampp\htdocs\everta\index.php(17): require('C:\\xampp\\htdocs...')
#5 {main}
  thrown in C:\xampp\htdocs\everta\wp-includes\formatting.php on line 4467
[07-Jan-2025 10:25:05 UTC] PHP Warning:  Array to string conversion in C:\xampp\htdocs\everta\wp-content\themes\everta\manual&brochure.php on line 16
[07-Jan-2025 10:25:05 UTC] PHP Warning:  Undefined variable $count in C:\xampp\htdocs\everta\wp-content\themes\everta\manual&brochure.php on line 17
[07-Jan-2025 10:25:05 UTC] PHP Warning:  Array to string conversion in C:\xampp\htdocs\everta\wp-content\themes\everta\manual&brochure.php on line 16
[07-Jan-2025 10:25:05 UTC] PHP Warning:  Undefined variable $count in C:\xampp\htdocs\everta\wp-content\themes\everta\manual&brochure.php on line 17
[07-Jan-2025 10:25:05 UTC] PHP Warning:  Array to string conversion in C:\xampp\htdocs\everta\wp-content\themes\everta\manual&brochure.php on line 16
[07-Jan-2025 10:25:05 UTC] PHP Warning:  Undefined variable $count in C:\xampp\htdocs\everta\wp-content\themes\everta\manual&brochure.php on line 17
[07-Jan-2025 10:25:05 UTC] PHP Warning:  Array to string conversion in C:\xampp\htdocs\everta\wp-content\themes\everta\manual&brochure.php on line 16
[07-Jan-2025 10:25:05 UTC] PHP Warning:  Undefined variable $count in C:\xampp\htdocs\everta\wp-content\themes\everta\manual&brochure.php on line 17
[07-Jan-2025 10:25:08 UTC] PHP Warning:  Array to string conversion in C:\xampp\htdocs\everta\wp-content\themes\everta\news.php on line 16
[07-Jan-2025 10:25:08 UTC] PHP Warning:  Array to string conversion in C:\xampp\htdocs\everta\wp-content\themes\everta\news.php on line 16
[07-Jan-2025 10:25:08 UTC] PHP Warning:  Array to string conversion in C:\xampp\htdocs\everta\wp-content\themes\everta\news.php on line 16
[07-Jan-2025 10:25:08 UTC] PHP Warning:  Array to string conversion in C:\xampp\htdocs\everta\wp-content\themes\everta\news.php on line 16
[07-Jan-2025 10:25:10 UTC] PHP Warning:  Array to string conversion in C:\xampp\htdocs\everta\wp-content\themes\everta\blogs.php on line 19
[07-Jan-2025 10:25:10 UTC] PHP Warning:  Array to string conversion in C:\xampp\htdocs\everta\wp-content\themes\everta\blogs.php on line 19
[07-Jan-2025 10:25:10 UTC] PHP Warning:  Array to string conversion in C:\xampp\htdocs\everta\wp-content\themes\everta\blogs.php on line 19
[07-Jan-2025 10:25:10 UTC] PHP Warning:  Array to string conversion in C:\xampp\htdocs\everta\wp-content\themes\everta\blogs.php on line 19
[07-Jan-2025 10:25:16 UTC] PHP Warning:  Array to string conversion in C:\xampp\htdocs\everta\wp-content\themes\everta\manual&brochure.php on line 16
[07-Jan-2025 10:25:16 UTC] PHP Warning:  Undefined variable $count in C:\xampp\htdocs\everta\wp-content\themes\everta\manual&brochure.php on line 17
[07-Jan-2025 10:25:16 UTC] PHP Warning:  Array to string conversion in C:\xampp\htdocs\everta\wp-content\themes\everta\manual&brochure.php on line 16
[07-Jan-2025 10:25:16 UTC] PHP Warning:  Undefined variable $count in C:\xampp\htdocs\everta\wp-content\themes\everta\manual&brochure.php on line 17
[07-Jan-2025 10:25:16 UTC] PHP Warning:  Array to string conversion in C:\xampp\htdocs\everta\wp-content\themes\everta\manual&brochure.php on line 16
[07-Jan-2025 10:25:16 UTC] PHP Warning:  Undefined variable $count in C:\xampp\htdocs\everta\wp-content\themes\everta\manual&brochure.php on line 17
[07-Jan-2025 10:25:16 UTC] PHP Warning:  Array to string conversion in C:\xampp\htdocs\everta\wp-content\themes\everta\manual&brochure.php on line 16
[07-Jan-2025 10:25:16 UTC] PHP Warning:  Undefined variable $count in C:\xampp\htdocs\everta\wp-content\themes\everta\manual&brochure.php on line 17
[07-Jan-2025 10:27:36 UTC] PHP Warning:  Undefined variable $count in C:\xampp\htdocs\everta\wp-content\themes\everta\manual&brochure.php on line 17
[07-Jan-2025 10:27:36 UTC] PHP Warning:  Undefined variable $count in C:\xampp\htdocs\everta\wp-content\themes\everta\manual&brochure.php on line 17
[07-Jan-2025 10:27:36 UTC] PHP Warning:  Undefined variable $count in C:\xampp\htdocs\everta\wp-content\themes\everta\manual&brochure.php on line 17
[07-Jan-2025 10:27:36 UTC] PHP Warning:  Undefined variable $count in C:\xampp\htdocs\everta\wp-content\themes\everta\manual&brochure.php on line 17
[07-Jan-2025 10:27:48 UTC] PHP Warning:  Undefined variable $count in C:\xampp\htdocs\everta\wp-content\themes\everta\manual&brochure.php on line 17
[07-Jan-2025 10:27:48 UTC] PHP Warning:  Undefined variable $count in C:\xampp\htdocs\everta\wp-content\themes\everta\manual&brochure.php on line 17
[07-Jan-2025 10:27:48 UTC] PHP Warning:  Undefined variable $count in C:\xampp\htdocs\everta\wp-content\themes\everta\manual&brochure.php on line 17
[07-Jan-2025 10:27:48 UTC] PHP Warning:  Undefined variable $count in C:\xampp\htdocs\everta\wp-content\themes\everta\manual&brochure.php on line 17
[07-Jan-2025 10:27:57 UTC] PHP Warning:  Undefined variable $count in C:\xampp\htdocs\everta\wp-content\themes\everta\manual&brochure.php on line 17
[07-Jan-2025 10:27:57 UTC] PHP Warning:  Undefined variable $count in C:\xampp\htdocs\everta\wp-content\themes\everta\manual&brochure.php on line 17
[07-Jan-2025 10:27:57 UTC] PHP Warning:  Undefined variable $count in C:\xampp\htdocs\everta\wp-content\themes\everta\manual&brochure.php on line 17
[07-Jan-2025 10:27:57 UTC] PHP Warning:  Undefined variable $count in C:\xampp\htdocs\everta\wp-content\themes\everta\manual&brochure.php on line 17
[07-Jan-2025 10:34:13 UTC] PHP Parse error:  syntax error, unexpected token ":" in C:\xampp\htdocs\everta\wp-content\themes\everta\functions.php on line 221
[07-Jan-2025 10:34:13 UTC] PHP Warning:  Trying to access array offset on value of type bool in C:\xampp\htdocs\everta\wp-includes\class-wp-recovery-mode-email-service.php on line 367
[07-Jan-2025 10:34:13 UTC] PHP Warning:  Trying to access array offset on value of type bool in C:\xampp\htdocs\everta\wp-includes\class-wp-recovery-mode-email-service.php on line 368
[07-Jan-2025 10:35:02 UTC] PHP Parse error:  syntax error, unexpected token ":" in C:\xampp\htdocs\everta\wp-content\themes\everta\functions.php on line 221
[07-Jan-2025 10:35:12 UTC] PHP Parse error:  syntax error, unexpected token ":" in C:\xampp\htdocs\everta\wp-content\themes\everta\functions.php on line 221
[07-Jan-2025 10:35:27 UTC] PHP Parse error:  syntax error, unexpected token ":" in C:\xampp\htdocs\everta\wp-content\themes\everta\functions.php on line 221
[07-Jan-2025 10:35:30 UTC] PHP Parse error:  syntax error, unexpected token ":" in C:\xampp\htdocs\everta\wp-content\themes\everta\functions.php on line 221
[07-Jan-2025 11:04:47 UTC] PHP Fatal error:  Uncaught Error: Call to undefined function estimate_reading_time() in C:\xampp\htdocs\everta\wp-content\themes\everta\news.php:84
Stack trace:
#0 C:\xampp\htdocs\everta\wp-includes\template-loader.php(106): include()
#1 C:\xampp\htdocs\everta\wp-blog-header.php(19): require_once('C:\\xampp\\htdocs...')
#2 C:\xampp\htdocs\everta\index.php(17): require('C:\\xampp\\htdocs...')
#3 {main}
  thrown in C:\xampp\htdocs\everta\wp-content\themes\everta\news.php on line 84
[08-Jan-2025 06:43:14 UTC] Automatic updates starting...
[08-Jan-2025 06:43:16 UTC]   Automatic theme updates starting...
[08-Jan-2025 06:43:16 UTC]   Automatic theme updates complete.
[08-Jan-2025 06:43:16 UTC] Automatic updates complete.
[08-Jan-2025 08:10:07 UTC] Automatic updates starting...
[08-Jan-2025 08:10:07 UTC]   Automatic theme updates starting...
[08-Jan-2025 08:10:07 UTC]   Automatic theme updates complete.
[08-Jan-2025 08:10:07 UTC] Automatic updates complete.
[08-Jan-2025 11:14:46 UTC] PHP Warning:  Trying to access array offset on value of type null in C:\xampp\htdocs\everta\wp-content\themes\everta\single-news-post.php on line 22
[08-Jan-2025 11:14:46 UTC] PHP Warning:  Trying to access array offset on value of type null in C:\xampp\htdocs\everta\wp-content\themes\everta\single-news-post.php on line 23
[08-Jan-2025 11:18:11 UTC] PHP Fatal error:  Uncaught TypeError: Cannot access offset of type string on string in C:\xampp\htdocs\everta\wp-content\themes\everta\single-news-post.php:9
Stack trace:
#0 C:\xampp\htdocs\everta\wp-includes\template-loader.php(106): include()
#1 C:\xampp\htdocs\everta\wp-blog-header.php(19): require_once('C:\\xampp\\htdocs...')
#2 C:\xampp\htdocs\everta\index.php(17): require('C:\\xampp\\htdocs...')
#3 {main}
  thrown in C:\xampp\htdocs\everta\wp-content\themes\everta\single-news-post.php on line 9
[08-Jan-2025 11:18:15 UTC] PHP Fatal error:  Uncaught TypeError: Cannot access offset of type string on string in C:\xampp\htdocs\everta\wp-content\themes\everta\single-news-post.php:9
Stack trace:
#0 C:\xampp\htdocs\everta\wp-includes\template-loader.php(106): include()
#1 C:\xampp\htdocs\everta\wp-blog-header.php(19): require_once('C:\\xampp\\htdocs...')
#2 C:\xampp\htdocs\everta\index.php(17): require('C:\\xampp\\htdocs...')
#3 {main}
  thrown in C:\xampp\htdocs\everta\wp-content\themes\everta\single-news-post.php on line 9
[08-Jan-2025 11:20:21 UTC] PHP Fatal error:  Uncaught TypeError: Cannot access offset of type string on string in C:\xampp\htdocs\everta\wp-content\themes\everta\single-news-post.php:9
Stack trace:
#0 C:\xampp\htdocs\everta\wp-includes\template-loader.php(106): include()
#1 C:\xampp\htdocs\everta\wp-blog-header.php(19): require_once('C:\\xampp\\htdocs...')
#2 C:\xampp\htdocs\everta\index.php(17): require('C:\\xampp\\htdocs...')
#3 {main}
  thrown in C:\xampp\htdocs\everta\wp-content\themes\everta\single-news-post.php on line 9
[08-Jan-2025 17:55:06 UTC] PHP Warning:  Undefined variable $post_id in C:\xampp\htdocs\everta\wp-content\themes\everta\homepage.php on line 232
[08-Jan-2025 18:15:46 UTC] PHP Warning:  Undefined variable $post_id in C:\xampp\htdocs\everta\wp-content\themes\everta\homepage.php on line 232
[08-Jan-2025 18:15:46 UTC] PHP Warning:  Undefined variable $post_id in C:\xampp\htdocs\everta\wp-content\themes\everta\homepage.php on line 232
[08-Jan-2025 20:07:11 UTC] Automatic updates starting...
[08-Jan-2025 20:07:14 UTC]   Automatic theme updates starting...
[08-Jan-2025 20:07:14 UTC]   Automatic theme updates complete.
[08-Jan-2025 20:07:14 UTC] Automatic updates complete.
[09-Jan-2025 08:30:02 UTC] Automatic updates starting...
[09-Jan-2025 08:30:05 UTC]   Automatic theme updates starting...
[09-Jan-2025 08:30:05 UTC]   Automatic theme updates complete.
[09-Jan-2025 08:30:05 UTC] Automatic updates complete.
[09-Jan-2025 10:08:41 UTC] PHP Parse error:  syntax error, unexpected end of file in C:\xampp\htdocs\everta\wp-content\themes\everta\careers.php on line 427
[09-Jan-2025 10:08:51 UTC] PHP Parse error:  syntax error, unexpected end of file in C:\xampp\htdocs\everta\wp-content\themes\everta\careers.php on line 427
[09-Jan-2025 10:09:56 UTC] PHP Parse error:  syntax error, unexpected end of file in C:\xampp\htdocs\everta\wp-content\themes\everta\careers.php on line 425
[09-Jan-2025 10:09:58 UTC] PHP Parse error:  syntax error, unexpected end of file in C:\xampp\htdocs\everta\wp-content\themes\everta\careers.php on line 425
[09-Jan-2025 11:34:02 UTC] PHP Fatal error:  Uncaught TypeError: implode(): Argument #2 ($array) must be of type ?array, string given in C:\xampp\htdocs\everta\wp-content\themes\everta\header.php:63
Stack trace:
#0 C:\xampp\htdocs\everta\wp-content\themes\everta\header.php(63): implode(' ', '')
#1 C:\xampp\htdocs\everta\wp-includes\class-wp-walker.php(150): Custom_Walker_Nav_Menu->start_el('', Object(WP_Post), 0, Array, 10)
#2 C:\xampp\htdocs\everta\wp-includes\class-wp-walker.php(252): Walker->display_element(Object(WP_Post), Array, 0, 0, Array, '')
#3 C:\xampp\htdocs\everta\wp-includes\post-template.php(1571): Walker->walk(Array, 0, Array, 10)
#4 C:\xampp\htdocs\everta\wp-includes\post-template.php(1354): walk_page_tree(Array, 0, 10, Array)
#5 C:\xampp\htdocs\everta\wp-includes\post-template.php(1486): wp_list_pages(Array)
#6 C:\xampp\htdocs\everta\wp-includes\nav-menu-template.php(164): wp_page_menu(Array)
#7 C:\xampp\htdocs\everta\wp-content\themes\everta\header.php(45): wp_nav_menu(Object(stdClass))
#8 C:\xampp\htdocs\everta\wp-includes\template.php(810): require_once('C:\\xampp\\htdocs...')
#9 C:\xampp\htdocs\everta\wp-includes\template.php(745): load_template('C:\\xampp\\htdocs...', true, Array)
#10 C:\xampp\htdocs\everta\wp-includes\general-template.php(48): locate_template(Array, true, true, Array)
#11 C:\xampp\htdocs\everta\wp-content\themes\everta\homepage.php(1): get_header()
#12 C:\xampp\htdocs\everta\wp-includes\template-loader.php(106): include('C:\\xampp\\htdocs...')
#13 C:\xampp\htdocs\everta\wp-blog-header.php(19): require_once('C:\\xampp\\htdocs...')
#14 C:\xampp\htdocs\everta\index.php(17): require('C:\\xampp\\htdocs...')
#15 {main}
  thrown in C:\xampp\htdocs\everta\wp-content\themes\everta\header.php on line 63
[09-Jan-2025 11:35:03 UTC] PHP Fatal error:  Uncaught TypeError: implode(): Argument #2 ($array) must be of type ?array, string given in C:\xampp\htdocs\everta\wp-content\themes\everta\functions.php:330
Stack trace:
#0 C:\xampp\htdocs\everta\wp-content\themes\everta\functions.php(330): implode(' ', '')
#1 C:\xampp\htdocs\everta\wp-includes\class-wp-walker.php(150): Custom_Walker_Nav_Menu->start_el('', Object(WP_Post), 0, Array, 10)
#2 C:\xampp\htdocs\everta\wp-includes\class-wp-walker.php(252): Walker->display_element(Object(WP_Post), Array, 0, 0, Array, '')
#3 C:\xampp\htdocs\everta\wp-includes\post-template.php(1571): Walker->walk(Array, 0, Array, 10)
#4 C:\xampp\htdocs\everta\wp-includes\post-template.php(1354): walk_page_tree(Array, 0, 10, Array)
#5 C:\xampp\htdocs\everta\wp-includes\post-template.php(1486): wp_list_pages(Array)
#6 C:\xampp\htdocs\everta\wp-includes\nav-menu-template.php(164): wp_page_menu(Array)
#7 C:\xampp\htdocs\everta\wp-content\themes\everta\header.php(45): wp_nav_menu(Object(stdClass))
#8 C:\xampp\htdocs\everta\wp-includes\template.php(810): require_once('C:\\xampp\\htdocs...')
#9 C:\xampp\htdocs\everta\wp-includes\template.php(745): load_template('C:\\xampp\\htdocs...', true, Array)
#10 C:\xampp\htdocs\everta\wp-includes\general-template.php(48): locate_template(Array, true, true, Array)
#11 C:\xampp\htdocs\everta\wp-content\themes\everta\homepage.php(1): get_header()
#12 C:\xampp\htdocs\everta\wp-includes\template-loader.php(106): include('C:\\xampp\\htdocs...')
#13 C:\xampp\htdocs\everta\wp-blog-header.php(19): require_once('C:\\xampp\\htdocs...')
#14 C:\xampp\htdocs\everta\index.php(17): require('C:\\xampp\\htdocs...')
#15 {main}
  thrown in C:\xampp\htdocs\everta\wp-content\themes\everta\functions.php on line 330
[09-Jan-2025 11:37:12 UTC] PHP Fatal error:  Uncaught TypeError: implode(): Argument #2 ($array) must be of type ?array, string given in C:\xampp\htdocs\everta\wp-content\themes\everta\functions.php:330
Stack trace:
#0 C:\xampp\htdocs\everta\wp-content\themes\everta\functions.php(330): implode(' ', '')
#1 C:\xampp\htdocs\everta\wp-includes\class-wp-walker.php(150): Custom_Walker_Nav_Menu->start_el('', Object(WP_Post), 0, Array, 10)
#2 C:\xampp\htdocs\everta\wp-includes\class-wp-walker.php(252): Walker->display_element(Object(WP_Post), Array, 0, 0, Array, '')
#3 C:\xampp\htdocs\everta\wp-includes\post-template.php(1571): Walker->walk(Array, 0, Array, 10)
#4 C:\xampp\htdocs\everta\wp-includes\post-template.php(1354): walk_page_tree(Array, 0, 10, Array)
#5 C:\xampp\htdocs\everta\wp-includes\post-template.php(1486): wp_list_pages(Array)
#6 C:\xampp\htdocs\everta\wp-includes\nav-menu-template.php(164): wp_page_menu(Array)
#7 C:\xampp\htdocs\everta\wp-content\themes\everta\header.php(45): wp_nav_menu(Object(stdClass))
#8 C:\xampp\htdocs\everta\wp-includes\template.php(810): require_once('C:\\xampp\\htdocs...')
#9 C:\xampp\htdocs\everta\wp-includes\template.php(745): load_template('C:\\xampp\\htdocs...', true, Array)
#10 C:\xampp\htdocs\everta\wp-includes\general-template.php(48): locate_template(Array, true, true, Array)
#11 C:\xampp\htdocs\everta\wp-content\themes\everta\homepage.php(1): get_header()
#12 C:\xampp\htdocs\everta\wp-includes\template-loader.php(106): include('C:\\xampp\\htdocs...')
#13 C:\xampp\htdocs\everta\wp-blog-header.php(19): require_once('C:\\xampp\\htdocs...')
#14 C:\xampp\htdocs\everta\index.php(17): require('C:\\xampp\\htdocs...')
#15 {main}
  thrown in C:\xampp\htdocs\everta\wp-content\themes\everta\functions.php on line 330
[09-Jan-2025 11:42:00 UTC] PHP Fatal error:  Uncaught TypeError: implode(): Argument #2 ($array) must be of type ?array, string given in C:\xampp\htdocs\everta\wp-content\themes\everta\custom-walker-nav-menu.php:12
Stack trace:
#0 C:\xampp\htdocs\everta\wp-content\themes\everta\custom-walker-nav-menu.php(12): implode(' ', '')
#1 C:\xampp\htdocs\everta\wp-includes\class-wp-walker.php(150): Custom_Walker_Nav_Menu->start_el('', Object(WP_Post), 0, Array, 10)
#2 C:\xampp\htdocs\everta\wp-includes\class-wp-walker.php(252): Walker->display_element(Object(WP_Post), Array, 0, 0, Array, '')
#3 C:\xampp\htdocs\everta\wp-includes\post-template.php(1571): Walker->walk(Array, 0, Array, 10)
#4 C:\xampp\htdocs\everta\wp-includes\post-template.php(1354): walk_page_tree(Array, 0, 10, Array)
#5 C:\xampp\htdocs\everta\wp-includes\post-template.php(1486): wp_list_pages(Array)
#6 C:\xampp\htdocs\everta\wp-includes\nav-menu-template.php(164): wp_page_menu(Array)
#7 C:\xampp\htdocs\everta\wp-content\themes\everta\header.php(47): wp_nav_menu(Object(stdClass))
#8 C:\xampp\htdocs\everta\wp-includes\template.php(810): require_once('C:\\xampp\\htdocs...')
#9 C:\xampp\htdocs\everta\wp-includes\template.php(745): load_template('C:\\xampp\\htdocs...', true, Array)
#10 C:\xampp\htdocs\everta\wp-includes\general-template.php(48): locate_template(Array, true, true, Array)
#11 C:\xampp\htdocs\everta\wp-content\themes\everta\homepage.php(1): get_header()
#12 C:\xampp\htdocs\everta\wp-includes\template-loader.php(106): include('C:\\xampp\\htdocs...')
#13 C:\xampp\htdocs\everta\wp-blog-header.php(19): require_once('C:\\xampp\\htdocs...')
#14 C:\xampp\htdocs\everta\index.php(17): require('C:\\xampp\\htdocs...')
#15 {main}
  thrown in C:\xampp\htdocs\everta\wp-content\themes\everta\custom-walker-nav-menu.php on line 12
[09-Jan-2025 14:04:02 UTC] PHP Fatal error:  Uncaught Error: Class "Custom_Walker_Nav_Menu" not found in C:\xampp\htdocs\everta\wp-content\themes\everta\header.php:52
Stack trace:
#0 C:\xampp\htdocs\everta\wp-includes\template.php(810): require_once()
#1 C:\xampp\htdocs\everta\wp-includes\template.php(745): load_template('C:\\xampp\\htdocs...', true, Array)
#2 C:\xampp\htdocs\everta\wp-includes\general-template.php(48): locate_template(Array, true, true, Array)
#3 C:\xampp\htdocs\everta\wp-content\themes\everta\homepage.php(1): get_header()
#4 C:\xampp\htdocs\everta\wp-includes\template-loader.php(106): include('C:\\xampp\\htdocs...')
#5 C:\xampp\htdocs\everta\wp-blog-header.php(19): require_once('C:\\xampp\\htdocs...')
#6 C:\xampp\htdocs\everta\index.php(17): require('C:\\xampp\\htdocs...')
#7 {main}
  thrown in C:\xampp\htdocs\everta\wp-content\themes\everta\header.php on line 52
